2013-08-29 14:14:47,020 INFO Logging started
2013-08-29 14:14:47,020 INFO Scanner object created
2013-08-29 14:14:47,021 INFO Terminal arguments(Namespace(config=None, measure=None, output=None, reprap='enable'))
2013-08-29 14:14:47,021 INFO Parameters from terminal: m(None) rr(enable) c(None) o(None)
2013-08-29 14:14:47,021 INFO Parsed arguments (None) (enable) (None) (None)
2013-08-29 14:14:47,021 INFO ### Checking if 'None' exists
2013-08-29 14:14:47,021 INFO File 'em3d.xml' exists
2013-08-29 14:14:47,022 INFO ### Getting config file name 'None'
2013-08-29 14:14:47,022 INFO Config file name is 'em3d.xml'
2013-08-29 14:14:47,022 INFO ### Configuration file is set to 'em3d.xml'
2013-08-29 14:14:47,023 INFO RepRap from file( port(/dev/ttyACM0), baud(115200), MAX_XY(2000), MAX_Z(1200) )
2013-08-29 14:14:47,023 INFO PNA from file ( ip(10.1.15.106), port(5024), calib(calibrationRado1.csa) )
2013-08-29 14:14:47,024 INFO ATmega from file ( port(/dev/ttyUSB0), baud(9600) )
2013-08-29 14:14:47,024 INFO Output from file ( em3d.out )
2013-08-29 14:14:47,024 INFO Configuration loaded from file 'em3d.xml'
2013-08-29 14:14:47,024 INFO ### Configuration finished 
2013-08-29 14:14:47,024 INFO RepRap object created ( <EM3Dreprap.RepRap object at 0x7f2ce7083fd0> )
2013-08-29 14:14:47,025 INFO RepRap from file( port(/dev/ttyACM0), baud(115200), MAX_XY(2000), MAX_Z(1200) )
2013-08-29 14:14:47,948 INFO RepRap is online
2013-08-29 14:14:47,949 INFO Output from file ( em3d.out )
2013-08-29 14:14:47,949 INFO ### Output file name set from config file to ( em3d.out )
2013-08-29 14:14:47,949 INFO ### TerminalData log started
2013-08-29 14:14:47,949 INFO ### Collect XYZ resolution
2013-08-29 14:14:49,133 INFO Raw float input (10.0)
2013-08-29 14:14:49,133 INFO Input from console set to (10.0)
2013-08-29 14:14:50,157 INFO Raw float input (10.0)
2013-08-29 14:14:50,157 INFO Input from console set to (10.0)
2013-08-29 14:14:50,157 INFO resolutionXY(10.0), resolutionZ(10.0)
2013-08-29 14:14:50,157 INFO ### Collect XYZ resolution finished
2013-08-29 14:14:50,157 INFO ### Collect XYZ measurement points number
2013-08-29 14:14:51,720 INFO Raw integer input (10)
2013-08-29 14:14:51,720 INFO Input from console set to (10)
2013-08-29 14:14:53,449 INFO Raw integer input (2)
2013-08-29 14:14:53,449 INFO Input from console set to (2)
2013-08-29 14:14:59,398 INFO Raw integer input (2)
2013-08-29 14:14:59,398 INFO Input from console set to (2)
2013-08-29 14:14:59,398 INFO xPoints(10), yPoints(2), zPoints(2)
2013-08-29 14:14:59,398 INFO ### Collect XYZ measurement points finished
2013-08-29 14:14:59,398 INFO ### Output file creation started
2013-08-29 14:14:59,398 INFO Date and device written to 'em3d.out' file
2013-08-29 14:14:59,398 INFO PNA header created in output file
2013-08-29 14:14:59,453 INFO Scan object created
2013-08-29 14:14:59,457 INFO currentCoords(X:0.00Y:-1.00Z:0.00E:0.00)
2013-08-29 14:14:59,457 INFO coords: ['0.00', '-1.00', '0.00']
2013-08-29 14:14:59,457 INFO coordsT: x(0.0) y(-1.0) z(0.0)
2013-08-29 14:14:59,457 INFO points: [0.0]
2013-08-29 14:14:59,457 INFO current point x set to: 10.0
2013-08-29 14:14:59,457 INFO current point x set to: 20.0
2013-08-29 14:14:59,458 INFO current point x set to: 30.0
2013-08-29 14:14:59,458 INFO current point x set to: 40.0
2013-08-29 14:14:59,458 INFO current point x set to: 50.0
2013-08-29 14:14:59,458 INFO current point x set to: 60.0
2013-08-29 14:14:59,458 INFO current point x set to: 70.0
2013-08-29 14:14:59,458 INFO current point x set to: 80.0
2013-08-29 14:14:59,458 INFO current point x set to: 90.0
2013-08-29 14:14:59,458 INFO current point x set to: 100.0
2013-08-29 14:14:59,458 INFO last element x axis removed: 100.0
2013-08-29 14:14:59,458 INFO points x axis at the end: [0.0, 10.0, 20.0, 30.0, 40.0, 50.0, 60.0, 70.0, 80.0, 90.0]
2013-08-29 14:14:59,458 INFO mX entered with G90 command - absolute coordinates
2013-08-29 14:14:59,458 INFO x i(0) px(0.0)
2013-08-29 14:14:59,458 INFO (G1 X0.0) written to printer
2013-08-29 14:14:59,459 INFO i1(ok) i2(None)
2013-08-29 14:14:59,466 INFO Input coordinates: X:0.00Y:-1.00Z:0.00E:0.00
2013-08-29 14:14:59,466 INFO Output coordinates: ['0.00', '-1.00', '0.00']
2013-08-29 14:14:59,466 INFO One of CSV 'coord' and 'data' row appended
2013-08-29 14:14:59,466 INFO x i(1) px(10.0)
2013-08-29 14:14:59,466 INFO (G1 X10.0) written to printer
2013-08-29 14:14:59,883 INFO i(1) Movement finished.
2013-08-29 14:14:59,883 INFO i1(ok) i2(Movement finished.)
2013-08-29 14:14:59,887 INFO Input coordinates: X:10.00Y:-1.00Z:0.00E:0.00
2013-08-29 14:14:59,887 INFO Output coordinates: ['10.00', '-1.00', '0.00']
2013-08-29 14:14:59,887 INFO One of CSV 'coord' and 'data' row appended
2013-08-29 14:14:59,887 INFO x i(2) px(20.0)
2013-08-29 14:14:59,887 INFO (G1 X20.0) written to printer
2013-08-29 14:15:00,301 INFO i(2) Movement finished.
2013-08-29 14:15:00,301 INFO i1(ok) i2(Movement finished.)
2013-08-29 14:15:00,305 INFO Input coordinates: X:20.00Y:-1.00Z:0.00E:0.00
2013-08-29 14:15:00,305 INFO Output coordinates: ['20.00', '-1.00', '0.00']
2013-08-29 14:15:00,305 INFO One of CSV 'coord' and 'data' row appended
2013-08-29 14:15:00,305 INFO x i(3) px(30.0)
2013-08-29 14:15:00,305 INFO (G1 X30.0) written to printer
2013-08-29 14:15:00,719 INFO i(3) Movement finished.
2013-08-29 14:15:00,719 INFO i1(ok) i2(Movement finished.)
2013-08-29 14:15:00,727 INFO Input coordinates: X:30.00Y:-1.00Z:0.00E:0.00
2013-08-29 14:15:00,727 INFO Output coordinates: ['30.00', '-1.00', '0.00']
2013-08-29 14:15:00,727 INFO One of CSV 'coord' and 'data' row appended
2013-08-29 14:15:00,727 INFO x i(4) px(40.0)
2013-08-29 14:15:00,727 INFO (G1 X40.0) written to printer
2013-08-29 14:15:01,141 INFO i(4) Movement finished.
2013-08-29 14:15:01,141 INFO i1(ok) i2(Movement finished.)
2013-08-29 14:15:01,149 INFO Input coordinates: X:40.00Y:-1.00Z:0.00E:0.00
2013-08-29 14:15:01,149 INFO Output coordinates: ['40.00', '-1.00', '0.00']
2013-08-29 14:15:01,149 INFO One of CSV 'coord' and 'data' row appended
2013-08-29 14:15:01,149 INFO x i(5) px(50.0)
2013-08-29 14:15:01,149 INFO (G1 X50.0) written to printer
2013-08-29 14:15:01,567 INFO i(5) Movement finished.
2013-08-29 14:15:01,567 INFO i1(ok) i2(Movement finished.)
2013-08-29 14:15:01,575 INFO Input coordinates: X:50.00Y:-1.00Z:0.00E:0.00
2013-08-29 14:15:01,575 INFO Output coordinates: ['50.00', '-1.00', '0.00']
2013-08-29 14:15:01,575 INFO One of CSV 'coord' and 'data' row appended
2013-08-29 14:15:01,575 INFO x i(6) px(60.0)
2013-08-29 14:15:01,575 INFO (G1 X60.0) written to printer
2013-08-29 14:15:01,989 INFO i(6) Movement finished.
2013-08-29 14:15:01,989 INFO i1(ok) i2(Movement finished.)
2013-08-29 14:15:01,997 INFO Input coordinates: X:60.00Y:-1.00Z:0.00E:0.00
2013-08-29 14:15:01,997 INFO Output coordinates: ['60.00', '-1.00', '0.00']
2013-08-29 14:15:01,997 INFO One of CSV 'coord' and 'data' row appended
2013-08-29 14:15:01,997 INFO x i(7) px(70.0)
2013-08-29 14:15:01,997 INFO (G1 X70.0) written to printer
2013-08-29 14:15:02,410 INFO i(7) Movement finished.
2013-08-29 14:15:02,410 INFO i1(ok) i2(Movement finished.)
2013-08-29 14:15:02,415 INFO Input coordinates: X:70.00Y:-1.00Z:0.00E:0.00
2013-08-29 14:15:02,415 INFO Output coordinates: ['70.00', '-1.00', '0.00']
2013-08-29 14:15:02,415 INFO One of CSV 'coord' and 'data' row appended
2013-08-29 14:15:02,415 INFO x i(8) px(80.0)
2013-08-29 14:15:02,415 INFO (G1 X80.0) written to printer
2013-08-29 14:15:02,828 INFO i(8) Movement finished.
2013-08-29 14:15:02,828 INFO i1(ok) i2(Movement finished.)
2013-08-29 14:15:02,832 INFO Input coordinates: X:80.00Y:-1.00Z:0.00E:0.00
2013-08-29 14:15:02,832 INFO Output coordinates: ['80.00', '-1.00', '0.00']
2013-08-29 14:15:02,832 INFO One of CSV 'coord' and 'data' row appended
2013-08-29 14:15:02,832 INFO x i(9) px(90.0)
2013-08-29 14:15:02,832 INFO (G1 X90.0) written to printer
2013-08-29 14:15:03,250 INFO i(9) Movement finished.
2013-08-29 14:15:03,250 INFO i1(ok) i2(Movement finished.)
2013-08-29 14:15:03,254 INFO Input coordinates: X:90.00Y:-1.00Z:0.00E:0.00
2013-08-29 14:15:03,254 INFO Output coordinates: ['90.00', '-1.00', '0.00']
2013-08-29 14:15:03,254 INFO One of CSV 'coord' and 'data' row appended
2013-08-29 14:15:05,094 INFO Scan object created
2013-08-29 14:15:05,101 INFO currentCoords(X:0.00Y:-1.00Z:0.00E:0.00)
2013-08-29 14:15:05,101 INFO coords: ['0.00', '-1.00', '0.00']
2013-08-29 14:15:05,101 INFO coordsT: x(0.0) y(-1.0) z(0.0)
2013-08-29 14:15:05,101 INFO points: [0.0]
2013-08-29 14:15:05,101 INFO current point x set to: 10.0
2013-08-29 14:15:05,101 INFO current point x set to: 20.0
2013-08-29 14:15:05,101 INFO current point x set to: 30.0
2013-08-29 14:15:05,102 INFO current point x set to: 40.0
2013-08-29 14:15:05,102 INFO current point x set to: 50.0
2013-08-29 14:15:05,102 INFO current point x set to: 60.0
2013-08-29 14:15:05,102 INFO current point x set to: 70.0
2013-08-29 14:15:05,102 INFO current point x set to: 80.0
2013-08-29 14:15:05,102 INFO current point x set to: 90.0
2013-08-29 14:15:05,102 INFO current point x set to: 100.0
2013-08-29 14:15:05,102 INFO last element x axis removed: 100.0
2013-08-29 14:15:05,102 INFO points x axis at the end: [0.0, 10.0, 20.0, 30.0, 40.0, 50.0, 60.0, 70.0, 80.0, 90.0]
2013-08-29 14:15:05,102 INFO mX entered with G90 command - absolute coordinates
2013-08-29 14:15:05,102 INFO x i(0) px(0.0)
2013-08-29 14:15:05,102 INFO (G1 X0.0) written to printer
2013-08-29 14:15:05,102 INFO i1(ok) i2(None)
2013-08-29 14:15:05,110 INFO Input coordinates: X:0.00Y:-1.00Z:0.00E:0.00
2013-08-29 14:15:05,110 INFO Output coordinates: ['0.00', '-1.00', '0.00']
2013-08-29 14:15:05,110 INFO One of CSV 'coord' and 'data' row appended
2013-08-29 14:15:05,110 INFO x i(1) px(10.0)
2013-08-29 14:15:05,110 INFO (G1 X10.0) written to printer
2013-08-29 14:15:05,347 INFO i(1) Movement finished.
2013-08-29 14:15:05,347 INFO i1(ok) i2(Movement finished.)
2013-08-29 14:15:05,351 INFO Input coordinates: X:10.00Y:-1.00Z:0.00E:0.00
2013-08-29 14:15:05,351 INFO Output coordinates: ['10.00', '-1.00', '0.00']
2013-08-29 14:15:05,351 INFO One of CSV 'coord' and 'data' row appended
2013-08-29 14:15:05,351 INFO x i(2) px(20.0)
2013-08-29 14:15:05,351 INFO (G1 X20.0) written to printer
2013-08-29 14:15:05,589 INFO i(2) Movement finished.
2013-08-29 14:15:05,589 INFO i1(ok) i2(Movement finished.)
2013-08-29 14:15:05,597 INFO Input coordinates: X:20.00Y:-1.00Z:0.00E:0.00
2013-08-29 14:15:05,597 INFO Output coordinates: ['20.00', '-1.00', '0.00']
2013-08-29 14:15:05,597 INFO One of CSV 'coord' and 'data' row appended
2013-08-29 14:15:05,597 INFO x i(3) px(30.0)
2013-08-29 14:15:05,597 INFO (G1 X30.0) written to printer
2013-08-29 14:15:05,834 INFO i(3) Movement finished.
2013-08-29 14:15:05,834 INFO i1(ok) i2(Movement finished.)
2013-08-29 14:15:05,839 INFO Input coordinates: X:30.00Y:-1.00Z:0.00E:0.00
2013-08-29 14:15:05,839 INFO Output coordinates: ['30.00', '-1.00', '0.00']
2013-08-29 14:15:05,839 INFO One of CSV 'coord' and 'data' row appended
2013-08-29 14:15:05,839 INFO x i(4) px(40.0)
2013-08-29 14:15:05,839 INFO (G1 X40.0) written to printer
2013-08-29 14:15:06,076 INFO i(4) Movement finished.
2013-08-29 14:15:06,076 INFO i1(ok) i2(Movement finished.)
2013-08-29 14:15:06,080 INFO Input coordinates: X:40.00Y:-1.00Z:0.00E:0.00
2013-08-29 14:15:06,080 INFO Output coordinates: ['40.00', '-1.00', '0.00']
2013-08-29 14:15:06,080 INFO One of CSV 'coord' and 'data' row appended
2013-08-29 14:15:06,080 INFO x i(5) px(50.0)
2013-08-29 14:15:06,080 INFO (G1 X50.0) written to printer
2013-08-29 14:15:06,318 INFO i(5) Movement finished.
2013-08-29 14:15:06,318 INFO i1(ok) i2(Movement finished.)
2013-08-29 14:15:06,326 INFO Input coordinates: X:50.00Y:-1.00Z:0.00E:0.00
2013-08-29 14:15:06,326 INFO Output coordinates: ['50.00', '-1.00', '0.00']
2013-08-29 14:15:06,326 INFO One of CSV 'coord' and 'data' row appended
2013-08-29 14:15:06,326 INFO x i(6) px(60.0)
2013-08-29 14:15:06,326 INFO (G1 X60.0) written to printer
2013-08-29 14:15:06,564 INFO i(6) Movement finished.
2013-08-29 14:15:06,564 INFO i1(ok) i2(Movement finished.)
2013-08-29 14:15:06,572 INFO Input coordinates: X:60.00Y:-1.00Z:0.00E:0.00
2013-08-29 14:15:06,572 INFO Output coordinates: ['60.00', '-1.00', '0.00']
2013-08-29 14:15:06,572 INFO One of CSV 'coord' and 'data' row appended
2013-08-29 14:15:06,572 INFO x i(7) px(70.0)
2013-08-29 14:15:06,572 INFO (G1 X70.0) written to printer
2013-08-29 14:15:06,809 INFO i(7) Movement finished.
2013-08-29 14:15:06,809 INFO i1(ok) i2(Movement finished.)
2013-08-29 14:15:06,813 INFO Input coordinates: X:70.00Y:-1.00Z:0.00E:0.00
2013-08-29 14:15:06,813 INFO Output coordinates: ['70.00', '-1.00', '0.00']
2013-08-29 14:15:06,813 INFO One of CSV 'coord' and 'data' row appended
2013-08-29 14:15:06,813 INFO x i(8) px(80.0)
2013-08-29 14:15:06,813 INFO (G1 X80.0) written to printer
2013-08-29 14:15:07,055 INFO i(8) Movement finished.
2013-08-29 14:15:07,055 INFO i1(ok) i2(Movement finished.)
2013-08-29 14:15:07,059 INFO Input coordinates: X:80.00Y:-1.00Z:0.00E:0.00
2013-08-29 14:15:07,059 INFO Output coordinates: ['80.00', '-1.00', '0.00']
2013-08-29 14:15:07,059 INFO One of CSV 'coord' and 'data' row appended
2013-08-29 14:15:07,059 INFO x i(9) px(90.0)
2013-08-29 14:15:07,059 INFO (G1 X90.0) written to printer
2013-08-29 14:15:07,297 INFO i(9) Movement finished.
2013-08-29 14:15:07,297 INFO i1(ok) i2(Movement finished.)
2013-08-29 14:15:07,305 INFO Input coordinates: X:90.00Y:-1.00Z:0.00E:0.00
2013-08-29 14:15:07,305 INFO Output coordinates: ['90.00', '-1.00', '0.00']
2013-08-29 14:15:07,305 INFO One of CSV 'coord' and 'data' row appended
2013-08-29 14:15:07,327 INFO RepRap is offline
2013-08-29 14:15:07,327 INFO Logging finished
